INFO:sim:172 - Generating IP...
Resolving generics for 'DDS_LF'...
Applying external generics to 'DDS_LF'...
Delivering associated files for 'DDS_LF'...
Generating implementation netlist for 'DDS_LF'...
INFO:sim - Pre-processing HDL files for 'DDS_LF'...
Running synthesis for 'DDS_LF'
Running ngcbuild...
Writing VHO instantiation template for 'DDS_LF'...
Writing VHDL behavioral simulation model for 'DDS_LF'...
Delivered 2 files into directory C:/VHF-FM-Transmitter/ipcore_dir/tmp/_cg/DDS_LF
Generating ASY schematic symbol...
INFO:sim:949 - Finished generation of ASY schematic symbol.
Generating SYM schematic symbol for 'DDS_LF'...
Generating metadata file...
Generating ISE project...
XCO file found: DDS_LF.xco
XMDF file found: DDS_LF_xmdf.tcl
Adding C:/VHF-FM-Transmitter/ipcore_dir/tmp/_cg/DDS_LF.asy -view all
-origin_type imported
Adding C:/VHF-FM-Transmitter/ipcore_dir/tmp/_cg/DDS_LF.ngc -view all
-origin_type created
Checking file "C:/VHF-FM-Transmitter/ipcore_dir/tmp/_cg/DDS_LF.ngc" for project
device match ...
File "C:/VHF-FM-Transmitter/ipcore_dir/tmp/_cg/DDS_LF.ngc" device information
matches project device.
Adding C:/VHF-FM-Transmitter/ipcore_dir/tmp/_cg/DDS_LF.sym -view all
-origin_type imported
Adding C:/VHF-FM-Transmitter/ipcore_dir/tmp/_cg/DDS_LF.vhd -view all
-origin_type created
INFO:HDLCompiler:1061 - Parsing VHDL file
   "C:/VHF-FM-Transmitter/ipcore_dir/tmp/_cg/DDS_LF.vhd" into library work
INFO:ProjectMgmt - Parsing design hierarchy completed successfully.
Adding C:/VHF-FM-Transmitter/ipcore_dir/tmp/_cg/DDS_LF.vho -view all
-origin_type imported
INFO:TclTasksC:2116 - The automatic calculation of top has been turned-off.
   Please set the new top explicitly by running the "project set top" command.
   To re-calculate the new top automatically, set the "Auto Implementation Top"
   property to true.
Top level has been set to "/DDS_LF"
Generating README file...
Generating FLIST file...
INFO:sim:948 - Finished FLIST file generation.
Launching README viewer...
Moving files to output directory...
Finished moving files to output directory
Wrote CGP file for project 'DDS_LF'.
